<?xml version="1.0" encoding="UTF-8"?>
<testsuite xmlns:xsi="http://www.w3.org/2001/XMLSchema-instance" xsi:noNamespaceSchemaLocation="https://maven.apache.org/surefire/maven-surefire-plugin/xsd/surefire-test-report.xsd" name="com.github.toerob.tests.Inform6ParsingTest" time="0.49" tests="1" errors="0" skipped="0" failures="0">
  <properties/>
  <testcase name="loadModel" classname="com.github.toerob.tests.Inform6ParsingTest" time="0.484"/>
</testsuite>